Base path: C:/Program Files (x86)/Unity/Editor/Data
Pipe name: \\.\pipe\UnityShaderCompiler-4-5144
Cmd: getPlatforms
Cmd: compileSnippet
  api=0 type=0 insize=2232 outsize=714 kw=PIXELSNAP_ON ok=1
Cmd: compileSnippet
  api=4 type=1 insize=2232 outsize=1242 kw=DUMMY ok=1
Cmd: compileSnippet
  api=4 type=1 insize=2232 outsize=1242 kw=PIXELSNAP_ON ok=1
Cmd: compileSnippet
  api=0 type=0 insize=4429 outsize=468 kw=DIRECTIONAL SHADOWS_OFF LIGHTMAP_ON DIRLIGHTMAP_OFF ok=1
Cmd: compileSnippet
  api=0 type=0 insize=4429 outsize=1066 kw=DIRECTIONAL SHADOWS_SCREEN LIGHTMAP_OFF DIRLIGHTMAP_OFF ok=1
Cmd: compileSnippet
  api=0 type=0 insize=4429 outsize=572 kw=DIRECTIONAL SHADOWS_SCREEN LIGHTMAP_ON DIRLIGHTMAP_OFF ok=1
Cmd: compileSnippet
  api=0 type=1 insize=4429 outsize=492 kw=DIRECTIONAL SHADOWS_SCREEN LIGHTMAP_OFF DIRLIGHTMAP_OFF ok=1
Cmd: compileSnippet
  api=0 type=1 insize=4429 outsize=505 kw=DIRECTIONAL SHADOWS_SCREEN LIGHTMAP_ON DIRLIGHTMAP_OFF ok=1
Cmd: compileSnippet
  api=0 type=0 insize=2380 outsize=592 kw=DIRECTIONAL ok=1
Cmd: compileSnippet
  api=0 type=1 insize=2380 outsize=395 kw=DIRECTIONAL ok=1
Cmd: compileSnippet
  api=0 type=1 insize=2380 outsize=652 kw=POINT_COOKIE ok=1
Cmd: compileSnippet
  api=0 type=1 insize=4121 outsize=390 kw=LIGHTMAP_ON DIRLIGHTMAP_ON HDR_LIGHT_PREPASS_ON ok=1
Unhandled exception: Readfile from pipe failed. GLE=The pipe has been ended.


Quitting shader compiler process
